# JRE version: OpenJDK Runtime Environment (11.0+28) (build 11+28)
# Java VM: OpenJDK 64-Bit Server VM (11+28, mixed mode, tiered, compressed oops, g1 gc, windows-amd64)
Heap:
 garbage-first heap   total 258048K, used 26671K [0x0000000705600000, 0x0000000800000000)
  region size 1024K, 20 young (20480K), 7 survivors (7168K)
 Metaspace       used 33034K, capacity 34439K, committed 34556K, reserved 1079296K
  class space    used 3769K, capacity 4343K, committed 4348K, reserved 1048576K
GC Heap History (6 events):
Event: 5.589 GC heap before
{Heap before GC invocations=0 (full 0):
 garbage-first heap   total 258048K, used 23552K [0x0000000705600000, 0x0000000800000000)
  region size 1024K, 24 young (24576K), 0 survivors (0K)
 Metaspace       used 12701K, capacity 13043K, committed 13312K, reserved 1060864K
  class space    used 1288K, capacity 1423K, committed 1536K, reserved 1048576K
}
Event: 5.607 GC heap after
{Heap after GC invocations=1 (full 0):
 garbage-first heap   total 258048K, used 5464K [0x0000000705600000, 0x0000000800000000)
  region size 1024K, 3 young (3072K), 3 survivors (3072K)
 Metaspace       used 12701K, capacity 13043K, committed 13312K, reserved 1060864K
  class space    used 1288K, capacity 1423K, committed 1536K, reserved 1048576K
}
Event: 8.148 GC heap before
{Heap before GC invocations=1 (full 0):
 garbage-first heap   total 258048K, used 46424K [0x0000000705600000, 0x0000000800000000)
  region size 1024K, 44 young (45056K), 3 survivors (3072K)
 Metaspace       used 20426K, capacity 21189K, committed 21248K, reserved 1069056K
  class space    used 2201K, capacity 2558K, committed 2560K, reserved 1048576K
}
Event: 8.159 GC heap after
{Heap after GC invocations=2 (full 0):
 garbage-first heap   total 258048K, used 7054K [0x0000000705600000, 0x0000000800000000)
  region size 1024K, 5 young (5120K), 5 survivors (5120K)
 Metaspace       used 20426K, capacity 21189K, committed 21248K, reserved 1069056K
  class space    used 2201K, capacity 2558K, committed 2560K, reserved 1048576K
}
Event: 11.091 GC heap before
{Heap before GC invocations=3 (full 0):
 garbage-first heap   total 258048K, used 56206K [0x0000000705600000, 0x0000000800000000)
  region size 1024K, 53 young (54272K), 5 survivors (5120K)
 Metaspace       used 29136K, capacity 30112K, committed 30332K, reserved 1075200K
  class space    used 3214K, capacity 3633K, committed 3708K, reserved 1048576K
}
Event: 11.114 GC heap after
{Heap after GC invocations=4 (full 0):
 garbage-first heap   total 258048K, used 14383K [0x0000000705600000, 0x0000000800000000)
  region size 1024K, 7 young (7168K), 7 survivors (7168K)
 Metaspace       used 29136K, capacity 30112K, committed 30332K, reserved 1075200K
  class space    used 3214K, capacity 3633K, committed 3708K, reserved 1048576K
}

